Using pre-set license
Built from '2020.3/staging' branch; Version is '2020.3.9f1 (108be757e447) revision 1084391'; Using compiler version '192528614'; Build Type 'Release'
OS: 'Windows 10 Home; OS build 19042.985; Version 2009; 64bit' Language: 'en' Physical Memory: 130872 MB
BatchMode: 1, IsHumanControllingUs: 0, StartBugReporterOnCrash: 0, Is64bit: 1, IsPro: 0

 COMMAND LINE ARGUMENTS:
C:\Program Files\Unity\Hub\Editor\2020.3.9f1\Editor\Unity.exe
-adb2
-batchMode
-noUpm
-name
AssetImportWorker0
-projectPath
C:/Users/redwi/OneDrive/Documents/GitHub/Ship-It/ShipItDadGame
-logFile
Logs/AssetImportWorker0.log
-srvPort
63681
Successfully changed project path to: C:/Users/redwi/OneDrive/Documents/GitHub/Ship-It/ShipItDadGame
C:/Users/redwi/OneDrive/Documents/GitHub/Ship-It/ShipItDadGame
Using Asset Import Pipeline V2.
Refreshing native plugins compatible for Editor in 17.87 ms, found 0 plugins.
Preloading 0 native plugins for Editor in 0.00 ms.
Initialize engine version: 2020.3.9f1 (108be757e447)
[Subsystems] Discovering subsystems at path C:/Program Files/Unity/Hub/Editor/2020.3.9f1/Editor/Data/Resources/UnitySubsystems
[Subsystems] Discovering subsystems at path C:/Users/redwi/OneDrive/Documents/GitHub/Ship-It/ShipItDadGame/Assets
GfxDevice: creating device client; threaded=0
Direct3D:
    Version:  Direct3D 11.0 [level 11.1]
    Renderer: NVIDIA GeForce RTX 3090 (ID=0x2204)
    Vendor:   
    VRAM:     24348 MB
    Driver:   27.21.14.6137
Initialize mono
Mono path[0] = 'C:/Program Files/Unity/Hub/Editor/2020.3.9f1/Editor/Data/Managed'
Mono path[1] = 'C:/Program Files/Unity/Hub/Editor/2020.3.9f1/Editor/Data/MonoBleedingEdge/lib/mono/unityjit'
Mono config path = 'C:/Program Files/Unity/Hub/Editor/2020.3.9f1/Editor/Data/MonoBleedingEdge/etc'
Using monoOptions --debugger-agent=transport=dt_socket,embedding=1,server=y,suspend=n,address=127.0.0.1:56080
Begin MonoManager ReloadAssembly
Registering precompiled unity dll's ...
Register platform support module: C:/Program Files/Unity/Hub/Editor/2020.3.9f1/Editor/Data/PlaybackEngines/WindowsStandaloneSupport/UnityEditor.WindowsStandalone.Extensions.dll
Registered in 0.001438 seconds.
Native extension for WindowsStandalone target not found
Refreshing native plugins compatible for Editor in 17.92 ms, found 0 plugins.
Preloading 0 native plugins for Editor in 0.00 ms.
Mono: successfully reloaded assembly
- Completed reload, in  0.736 seconds
Platform modules already initialized, skipping
Registering precompiled user dll's ...
Registered in 0.000637 seconds.
Begin MonoManager ReloadAssembly
Native extension for WindowsStandalone target not found
Refreshing native plugins compatible for Editor in 0.17 ms, found 0 plugins.
Preloading 0 native plugins for Editor in 0.00 ms.
Mono: successfully reloaded assembly
- Completed reload, in  0.629 seconds
Platform modules already initialized, skipping
========================================================================
Worker process is ready to serve import requests
Launched and connected shader compiler UnityShaderCompiler.exe after 0.03 seconds
Refreshing native plugins compatible for Editor in 0.17 ms, found 0 plugins.
Preloading 0 native plugins for Editor in 0.00 ms.
Unloading 1115 Unused Serialized files (Serialized files now loaded: 0)
System memory in use before: 57.1 MB.
System memory in use after: 57.1 MB.

Unloading 10 unused Assets to reduce memory usage. Loaded Objects now: 1557.
Total: 1.311200 ms (FindLiveObjects: 0.114900 ms CreateObjectMapping: 0.035200 ms MarkObjects: 1.100700 ms  DeleteObjects: 0.059600 ms)

========================================================================
Received Import Request.
  path: Assets/Scenes
  artifactKey: Guid(b049abc9966dd1e47ae5fb71bddf6a55) Importer(815301076,1909f56bfc062723c751e8b465ee728b)
Start importing Assets/Scenes using Guid(b049abc9966dd1e47ae5fb71bddf6a55) Importer(815301076,1909f56bfc062723c751e8b465ee728b)  -> (artifact id: 'e55d9bc378f58666743cb4f89c6a1ded') in 0.007051 seconds
  Import took 0.008544 seconds .

========================================================================
Received Import Request.
  Time since last request: 2.414624 seconds.
  path: Packages/com.unity.ugui
  artifactKey: Guid(8f7652e09069a1943278893d4264401e) Importer(815301076,1909f56bfc062723c751e8b465ee728b)
Start importing Packages/com.unity.ugui using Guid(8f7652e09069a1943278893d4264401e) Importer(815301076,1909f56bfc062723c751e8b465ee728b)  -> (artifact id: '9be8eef517426cf4e5d1ef023f0f7cab') in 0.004359 seconds
  Import took 0.005756 seconds .

========================================================================
Received Import Request.
  Time since last request: 0.447487 seconds.
  path: Packages/com.unity.ide.visualstudio
  artifactKey: Guid(9db636ca49aa246019dd93b7c8b689f4) Importer(815301076,1909f56bfc062723c751e8b465ee728b)
Start importing Packages/com.unity.ide.visualstudio using Guid(9db636ca49aa246019dd93b7c8b689f4) Importer(815301076,1909f56bfc062723c751e8b465ee728b)  -> (artifact id: '97ec95a5506f2bdeeee79941468489e5') in 0.004275 seconds
  Import took 0.005704 seconds .

========================================================================
Received Import Request.
  Time since last request: 0.404976 seconds.
  path: Packages/com.unity.ide.vscode
  artifactKey: Guid(1c61a04a5b7737c4d16673d64be4194e) Importer(815301076,1909f56bfc062723c751e8b465ee728b)
Start importing Packages/com.unity.ide.vscode using Guid(1c61a04a5b7737c4d16673d64be4194e) Importer(815301076,1909f56bfc062723c751e8b465ee728b)  -> (artifact id: '6eb59e90e7b94b511476370c7399373e') in 0.005188 seconds
  Import took 0.006560 seconds .

========================================================================
Received Import Request.
  Time since last request: 0.497338 seconds.
  path: Packages/com.unity.ide.rider
  artifactKey: Guid(ea5aa18a49e4f29d74984ea0ea11a238) Importer(815301076,1909f56bfc062723c751e8b465ee728b)
Start importing Packages/com.unity.ide.rider using Guid(ea5aa18a49e4f29d74984ea0ea11a238) Importer(815301076,1909f56bfc062723c751e8b465ee728b)  -> (artifact id: '38d02623396ab86594f3405d33b9714f') in 0.004179 seconds
  Import took 0.005549 seconds .

========================================================================
Received Import Request.
  Time since last request: 0.555390 seconds.
  path: Packages/com.unity.ext.nunit
  artifactKey: Guid(25a477c2f24db8778a4179421a32cc21) Importer(815301076,1909f56bfc062723c751e8b465ee728b)
Start importing Packages/com.unity.ext.nunit using Guid(25a477c2f24db8778a4179421a32cc21) Importer(815301076,1909f56bfc062723c751e8b465ee728b)  -> (artifact id: 'de8b3f671dc9f0a57b867a67d4aae8de') in 0.004204 seconds
  Import took 0.005549 seconds .

========================================================================
Received Import Request.
  Time since last request: 5.243029 seconds.
  path: Assets
  artifactKey: Guid(00000000000000001000000000000000) Importer(815301076,1909f56bfc062723c751e8b465ee728b)
Start importing Assets using Guid(00000000000000001000000000000000) Importer(815301076,1909f56bfc062723c751e8b465ee728b)  -> (artifact id: '42d402b061de3733987d63b9cc3b64de') in 0.004194 seconds
  Import took 0.005643 seconds .

========================================================================
Received Import Request.
  Time since last request: 0.000374 seconds.
  path: Assets
  artifactKey: Guid(00000000000000001000000000000000) Importer(815301076,1909f56bfc062723c751e8b465ee728b)
Start importing Assets using Guid(00000000000000001000000000000000) Importer(815301076,1909f56bfc062723c751e8b465ee728b)  -> (artifact id: '42d402b061de3733987d63b9cc3b64de') in 0.002450 seconds
  Import took 0.003925 seconds .

========================================================================
Received Import Request.
  Time since last request: 6.935214 seconds.
  path: Assets/Scripts
  artifactKey: Guid(3b672f4b6e682ea42bdbd6a1be5b859d) Importer(815301076,1909f56bfc062723c751e8b465ee728b)
Start importing Assets/Scripts using Guid(3b672f4b6e682ea42bdbd6a1be5b859d) Importer(815301076,1909f56bfc062723c751e8b465ee728b)  -> (artifact id: '8d83cbad3915d9946b84b7d3517b88da') in 0.004234 seconds
  Import took 0.005627 seconds .

========================================================================
Received Import Request.
  Time since last request: 13.126981 seconds.
  path: Assets/Art
  artifactKey: Guid(db853a98b0eb0eb49ae956b25d2d3fef) Importer(815301076,1909f56bfc062723c751e8b465ee728b)
Start importing Assets/Art using Guid(db853a98b0eb0eb49ae956b25d2d3fef) Importer(815301076,1909f56bfc062723c751e8b465ee728b)  -> (artifact id: 'ec07b5b7af4848e7c393e945023acbce') in 0.004145 seconds
  Import took 0.005525 seconds .

========================================================================
Received Import Request.
  Time since last request: 0.000440 seconds.
  path: Assets/Art
  artifactKey: Guid(db853a98b0eb0eb49ae956b25d2d3fef) Importer(815301076,1909f56bfc062723c751e8b465ee728b)
Start importing Assets/Art using Guid(db853a98b0eb0eb49ae956b25d2d3fef) Importer(815301076,1909f56bfc062723c751e8b465ee728b)  -> (artifact id: 'ec07b5b7af4848e7c393e945023acbce') in 0.001120 seconds
  Import took 0.002275 seconds .

